Analysis & Synthesis report for CPU4
Wed Dec 13 15:06:18 2017
Quartus II 64-Bit Version 13.0.1 Build 232 06/12/2013 Service Pack 1 SJ Web Edition


---------------------
; Table of Contents ;
---------------------
  1. Legal Notice
  2. Analysis & Synthesis Summary
  3. Analysis & Synthesis Settings
  4. Parallel Compilation
  5. Analysis & Synthesis Source Files Read
  6. Analysis & Synthesis Resource Usage Summary
  7. Analysis & Synthesis Resource Utilization by Entity
  8. Registers Removed During Synthesis
  9. General Register Statistics
 10. Multiplexer Restructuring Statistics (Restructuring Performed)
 11. Parameter Settings for Inferred Entity Instance: CPU:u0|lpm_add_sub:Add1
 12. Elapsed Time Per Partition
 13. Analysis & Synthesis Messages



----------------
; Legal Notice ;
----------------
Copyright (C) 1991-2013 Altera Corporation
Your use of Altera Corporation's design tools, logic functions 
and other software and tools, and its AMPP partner logic 
functions, and any output files from any of the foregoing 
(including device programming or simulation files), and any 
associated documentation or information are expressly subject 
to the terms and conditions of the Altera Program License 
Subscription Agreement, Altera MegaCore Function License 
Agreement, or other applicable license agreement, including, 
without limitation, that your use is for the sole purpose of 
programming logic devices manufactured by Altera and sold by 
Altera or its authorized distributors.  Please refer to the 
applicable agreement for further details.



+--------------------------------------------------------------------------------------+
; Analysis & Synthesis Summary                                                         ;
+------------------------------------+-------------------------------------------------+
; Analysis & Synthesis Status        ; Successful - Wed Dec 13 15:06:17 2017           ;
; Quartus II 64-Bit Version          ; 13.0.1 Build 232 06/12/2013 SP 1 SJ Web Edition ;
; Revision Name                      ; CPU4                                            ;
; Top-level Entity Name              ; CPU4                                            ;
; Family                             ; Cyclone II                                      ;
; Total logic elements               ; 310                                             ;
;     Total combinational functions  ; 298                                             ;
;     Dedicated logic registers      ; 110                                             ;
; Total registers                    ; 110                                             ;
; Total pins                         ; 43                                              ;
; Total virtual pins                 ; 0                                               ;
; Total memory bits                  ; 0                                               ;
; Embedded Multiplier 9-bit elements ; 0                                               ;
; Total PLLs                         ; 0                                               ;
+------------------------------------+-------------------------------------------------+


+----------------------------------------------------------------------------------------------------------------------+
; Analysis & Synthesis Settings                                                                                        ;
+----------------------------------------------------------------------------+--------------------+--------------------+
; Option                                                                     ; Setting            ; Default Value      ;
+----------------------------------------------------------------------------+--------------------+--------------------+
; Device                                                                     ; EP2C35F672C6       ;                    ;
; Top-level entity name                                                      ; CPU4               ; CPU4               ;
; Family name                                                                ; Cyclone II         ; Cyclone IV GX      ;
; Use smart compilation                                                      ; Off                ; Off                ;
; Enable parallel Assembler and TimeQuest Timing Analyzer during compilation ; On                 ; On                 ;
; Enable compact report table                                                ; Off                ; Off                ;
; Restructure Multiplexers                                                   ; Auto               ; Auto               ;
; Create Debugging Nodes for IP Cores                                        ; Off                ; Off                ;
; Preserve fewer node names                                                  ; On                 ; On                 ;
; Disable OpenCore Plus hardware evaluation                                  ; Off                ; Off                ;
; Verilog Version                                                            ; Verilog_2001       ; Verilog_2001       ;
; VHDL Version                                                               ; VHDL_1993          ; VHDL_1993          ;
; State Machine Processing                                                   ; Auto               ; Auto               ;
; Safe State Machine                                                         ; Off                ; Off                ;
; Extract Verilog State Machines                                             ; On                 ; On                 ;
; Extract VHDL State Machines                                                ; On                 ; On                 ;
; Ignore Verilog initial constructs                                          ; Off                ; Off                ;
; Iteration limit for constant Verilog loops                                 ; 5000               ; 5000               ;
; Iteration limit for non-constant Verilog loops                             ; 250                ; 250                ;
; Add Pass-Through Logic to Inferred RAMs                                    ; On                 ; On                 ;
; Infer RAMs from Raw Logic                                                  ; On                 ; On                 ;
; Parallel Synthesis                                                         ; On                 ; On                 ;
; DSP Block Balancing                                                        ; Auto               ; Auto               ;
; NOT Gate Push-Back                                                         ; On                 ; On                 ;
; Power-Up Don't Care                                                        ; On                 ; On                 ;
; Remove Redundant Logic Cells                                               ; Off                ; Off                ;
; Remove Duplicate Registers                                                 ; On                 ; On                 ;
; Ignore CARRY Buffers                                                       ; Off                ; Off                ;
; Ignore CASCADE Buffers                                                     ; Off                ; Off                ;
; Ignore GLOBAL Buffers                                                      ; Off                ; Off                ;
; Ignore ROW GLOBAL Buffers                                                  ; Off                ; Off                ;
; Ignore LCELL Buffers                                                       ; Off                ; Off                ;
; Ignore SOFT Buffers                                                        ; On                 ; On                 ;
; Limit AHDL Integers to 32 Bits                                             ; Off                ; Off                ;
; Optimization Technique                                                     ; Balanced           ; Balanced           ;
; Carry Chain Length                                                         ; 70                 ; 70                 ;
; Auto Carry Chains                                                          ; On                 ; On                 ;
; Auto Open-Drain Pins                                                       ; On                 ; On                 ;
; Perform WYSIWYG Primitive Resynthesis                                      ; Off                ; Off                ;
; Auto ROM Replacement                                                       ; On                 ; On                 ;
; Auto RAM Replacement                                                       ; On                 ; On                 ;
; Auto Shift Register Replacement                                            ; Auto               ; Auto               ;
; Allow Shift Register Merging across Hierarchies                            ; Auto               ; Auto               ;
; Auto Clock Enable Replacement                                              ; On                 ; On                 ;
; Strict RAM Replacement                                                     ; Off                ; Off                ;
; Allow Synchronous Control Signals                                          ; On                 ; On                 ;
; Force Use of Synchronous Clear Signals                                     ; Off                ; Off                ;
; Auto RAM to Logic Cell Conversion                                          ; Off                ; Off                ;
; Auto Resource Sharing                                                      ; Off                ; Off                ;
; Allow Any RAM Size For Recognition                                         ; Off                ; Off                ;
; Allow Any ROM Size For Recognition                                         ; Off                ; Off                ;
; Allow Any Shift Register Size For Recognition                              ; Off                ; Off                ;
; Use LogicLock Constraints during Resource Balancing                        ; On                 ; On                 ;
; Ignore translate_off and synthesis_off directives                          ; Off                ; Off                ;
; Timing-Driven Synthesis                                                    ; Off                ; Off                ;
; Report Parameter Settings                                                  ; On                 ; On                 ;
; Report Source Assignments                                                  ; On                 ; On                 ;
; Report Connectivity Checks                                                 ; On                 ; On                 ;
; Ignore Maximum Fan-Out Assignments                                         ; Off                ; Off                ;
; Synchronization Register Chain Length                                      ; 2                  ; 2                  ;
; PowerPlay Power Optimization                                               ; Normal compilation ; Normal compilation ;
; HDL message level                                                          ; Level2             ; Level2             ;
; Suppress Register Optimization Related Messages                            ; Off                ; Off                ;
; Number of Removed Registers Reported in Synthesis Report                   ; 5000               ; 5000               ;
; Number of Swept Nodes Reported in Synthesis Report                         ; 5000               ; 5000               ;
; Number of Inverted Registers Reported in Synthesis Report                  ; 100                ; 100                ;
; Clock MUX Protection                                                       ; On                 ; On                 ;
; Auto Gated Clock Conversion                                                ; Off                ; Off                ;
; Block Design Naming                                                        ; Auto               ; Auto               ;
; SDC constraint protection                                                  ; Off                ; Off                ;
; Synthesis Effort                                                           ; Auto               ; Auto               ;
; Shift Register Replacement - Allow Asynchronous Clear Signal               ; On                 ; On                 ;
; Pre-Mapping Resynthesis Optimization                                       ; Off                ; Off                ;
; Analysis & Synthesis Message Level                                         ; Medium             ; Medium             ;
; Disable Register Merging Across Hierarchies                                ; Auto               ; Auto               ;
; Resource Aware Inference For Block RAM                                     ; On                 ; On                 ;
; Synthesis Seed                                                             ; 1                  ; 1                  ;
+----------------------------------------------------------------------------+--------------------+--------------------+


+------------------------------------------+
; Parallel Compilation                     ;
+----------------------------+-------------+
; Processors                 ; Number      ;
+----------------------------+-------------+
; Number detected on machine ; 4           ;
; Maximum allowed            ; 4           ;
;                            ;             ;
; Average used               ; 1.00        ;
; Maximum used               ; 1           ;
;                            ;             ;
; Usage by Processor         ; % Time Used ;
;     Processor 1            ; 100.0%      ;
;     Processors 2-4         ;   0.0%      ;
+----------------------------+-------------+


+----------------------------------------------------------------------------------------------------------------------------------------------------------------------------------------------------------------------+
; Analysis & Synthesis Source Files Read                                                                                                                                                                               ;
+----------------------------------+-----------------+------------------------------+------------------------------------------------------------------------------------------------------------------------+---------+
; File Name with User-Entered Path ; Used in Netlist ; File Type                    ; File Name with Absolute Path                                                                                           ; Library ;
+----------------------------------+-----------------+------------------------------+------------------------------------------------------------------------------------------------------------------------+---------+
; ../LCD.vhdl                      ; yes             ; User VHDL File               ; E:/proyecto final nava/cpu_proyectos_hectorfabianzacategalicia2153035791/cpu_4_inst_lcd/LCD.vhdl                       ;         ;
; ../CPU4.vhdl                     ; yes             ; User VHDL File               ; E:/proyecto final nava/cpu_proyectos_hectorfabianzacategalicia2153035791/cpu_4_inst_lcd/CPU4.vhdl                      ;         ;
; ../CPU.vhdl                      ; yes             ; User VHDL File               ; E:/proyecto final nava/cpu_proyectos_hectorfabianzacategalicia2153035791/cpu_4_inst_lcd/CPU.vhdl                       ;         ;
; ../operaciones.vhdl              ; yes             ; User VHDL File               ; E:/proyecto final nava/cpu_proyectos_hectorfabianzacategalicia2153035791/cpu_4_inst_lcd/operaciones.vhdl               ;         ;
; ../ldl_bib.vhdl                  ; yes             ; User VHDL File               ; E:/proyecto final nava/cpu_proyectos_hectorfabianzacategalicia2153035791/cpu_4_inst_lcd/ldl_bib.vhdl                   ;         ;
; lpm_add_sub.tdf                  ; yes             ; Megafunction                 ; c:/altera/13.0sp1/quartus/libraries/megafunctions/lpm_add_sub.tdf                                                      ;         ;
; addcore.inc                      ; yes             ; Megafunction                 ; c:/altera/13.0sp1/quartus/libraries/megafunctions/addcore.inc                                                          ;         ;
; look_add.inc                     ; yes             ; Megafunction                 ; c:/altera/13.0sp1/quartus/libraries/megafunctions/look_add.inc                                                         ;         ;
; bypassff.inc                     ; yes             ; Megafunction                 ; c:/altera/13.0sp1/quartus/libraries/megafunctions/bypassff.inc                                                         ;         ;
; altshift.inc                     ; yes             ; Megafunction                 ; c:/altera/13.0sp1/quartus/libraries/megafunctions/altshift.inc                                                         ;         ;
; alt_stratix_add_sub.inc          ; yes             ; Megafunction                 ; c:/altera/13.0sp1/quartus/libraries/megafunctions/alt_stratix_add_sub.inc                                              ;         ;
; aglobal130.inc                   ; yes             ; Megafunction                 ; c:/altera/13.0sp1/quartus/libraries/megafunctions/aglobal130.inc                                                       ;         ;
; db/add_sub_mpi.tdf               ; yes             ; Auto-Generated Megafunction  ; E:/proyecto final nava/cpu_proyectos_hectorfabianzacategalicia2153035791/cpu_4_inst_lcd/CPU4Quartus/db/add_sub_mpi.tdf ;         ;
+----------------------------------+-----------------+------------------------------+------------------------------------------------------------------------------------------------------------------------+---------+


+----------------------------------------------------------------+
; Analysis & Synthesis Resource Usage Summary                    ;
+---------------------------------------------+------------------+
; Resource                                    ; Usage            ;
+---------------------------------------------+------------------+
; Estimated Total logic elements              ; 310              ;
;                                             ;                  ;
; Total combinational functions               ; 298              ;
; Logic element usage by number of LUT inputs ;                  ;
;     -- 4 input functions                    ; 202              ;
;     -- 3 input functions                    ; 29               ;
;     -- <=2 input functions                  ; 67               ;
;                                             ;                  ;
; Logic elements by mode                      ;                  ;
;     -- normal mode                          ; 254              ;
;     -- arithmetic mode                      ; 44               ;
;                                             ;                  ;
; Total registers                             ; 110              ;
;     -- Dedicated logic registers            ; 110              ;
;     -- I/O registers                        ; 0                ;
;                                             ;                  ;
; I/O pins                                    ; 43               ;
; Embedded Multiplier 9-bit elements          ; 0                ;
; Maximum fan-out node                        ; CPU:u0|numins[1] ;
; Maximum fan-out                             ; 42               ;
; Total fan-out                               ; 1367             ;
; Average fan-out                             ; 3.03             ;
+---------------------------------------------+------------------+


+-----------------------------------------------------------------------------------------------------------------------------------------------------------------------------------------------------------------------------+
; Analysis & Synthesis Resource Utilization by Entity                                                                                                                                                                         ;
+---------------------------------------+-------------------+--------------+-------------+--------------+---------+-----------+------+--------------+----------------------------------------------------------+--------------+
; Compilation Hierarchy Node            ; LC Combinationals ; LC Registers ; Memory Bits ; DSP Elements ; DSP 9x9 ; DSP 18x18 ; Pins ; Virtual Pins ; Full Hierarchy Name                                      ; Library Name ;
+---------------------------------------+-------------------+--------------+-------------+--------------+---------+-----------+------+--------------+----------------------------------------------------------+--------------+
; |CPU4                                 ; 298 (75)          ; 110 (26)     ; 0           ; 0            ; 0       ; 0         ; 43   ; 0            ; |CPU4                                                    ; work         ;
;    |CPU:u0|                           ; 46 (42)           ; 31 (31)      ; 0           ; 0            ; 0       ; 0         ; 0    ; 0            ; |CPU4|CPU:u0                                             ; work         ;
;       |lpm_add_sub:Add1|              ; 4 (0)             ; 0 (0)        ; 0           ; 0            ; 0       ; 0         ; 0    ; 0            ; |CPU4|CPU:u0|lpm_add_sub:Add1                            ; work         ;
;          |add_sub_mpi:auto_generated| ; 4 (4)             ; 0 (0)        ; 0           ; 0            ; 0       ; 0         ; 0    ; 0            ; |CPU4|CPU:u0|lpm_add_sub:Add1|add_sub_mpi:auto_generated ; work         ;
;    |lcd:u2|                           ; 175 (175)         ; 53 (53)      ; 0           ; 0            ; 0       ; 0         ; 0    ; 0            ; |CPU4|lcd:u2                                             ; work         ;
;    |operaciones:u1|                   ; 2 (2)             ; 0 (0)        ; 0           ; 0            ; 0       ; 0         ; 0    ; 0            ; |CPU4|operaciones:u1                                     ; work         ;
+---------------------------------------+-------------------+--------------+-------------+--------------+---------+-----------+------+--------------+----------------------------------------------------------+--------------+
Note: For table entries with two numbers listed, the numbers in parentheses indicate the number of resources of the given type used by the specific entity alone. The numbers listed outside of parentheses indicate the total resources of the given type used by the specific entity and all of its sub-entities in the hierarchy.


+--------------------------------------------------------------------------------+
; Registers Removed During Synthesis                                             ;
+---------------------------------------+----------------------------------------+
; Register name                         ; Reason for Removal                     ;
+---------------------------------------+----------------------------------------+
; CPU:u0|done                           ; Lost fanout                            ;
; lcd:u2|palabra[8]                     ; Merged with lcd:u2|palabra[7]          ;
; lcd:u2|palabra[12]                    ; Merged with lcd:u2|palabra[11]         ;
; lcd:u2|palabra[7]                     ; Stuck at GND due to stuck port data_in ;
; lcd:u2|palabra[11]                    ; Stuck at VCC due to stuck port data_in ;
; lcd:u2|cuenta[0]                      ; Merged with contador[0]                ;
; lcd:u2|cuenta[1]                      ; Merged with contador[1]                ;
; Total Number of Removed Registers = 7 ;                                        ;
+---------------------------------------+----------------------------------------+


+------------------------------------------------------+
; General Register Statistics                          ;
+----------------------------------------------+-------+
; Statistic                                    ; Value ;
+----------------------------------------------+-------+
; Total registers                              ; 110   ;
; Number of registers using Synchronous Clear  ; 0     ;
; Number of registers using Synchronous Load   ; 17    ;
; Number of registers using Asynchronous Clear ; 0     ;
; Number of registers using Asynchronous Load  ; 0     ;
; Number of registers using Clock Enable       ; 51    ;
; Number of registers using Preset             ; 0     ;
+----------------------------------------------+-------+


+--------------------------------------------------------------------------------------------------------------------------------------------+
; Multiplexer Restructuring Statistics (Restructuring Performed)                                                                             ;
+--------------------+-----------+---------------+----------------------+------------------------+------------+------------------------------+
; Multiplexer Inputs ; Bus Width ; Baseline Area ; Area if Restructured ; Saving if Restructured ; Registered ; Example Multiplexer Output   ;
+--------------------+-----------+---------------+----------------------+------------------------+------------+------------------------------+
; 3:1                ; 2 bits    ; 4 LEs         ; 0 LEs                ; 4 LEs                  ; Yes        ; |CPU4|lcd:u2|load1[1]        ;
; 3:1                ; 3 bits    ; 6 LEs         ; 0 LEs                ; 6 LEs                  ; Yes        ; |CPU4|lcd:u2|load2[0]        ;
; 3:1                ; 5 bits    ; 10 LEs        ; 0 LEs                ; 10 LEs                 ; Yes        ; |CPU4|lcd:u2|add[0]          ;
; 3:1                ; 2 bits    ; 4 LEs         ; 0 LEs                ; 4 LEs                  ; Yes        ; |CPU4|lcd:u2|mov[1]          ;
; 3:1                ; 5 bits    ; 10 LEs        ; 0 LEs                ; 10 LEs                 ; Yes        ; |CPU4|lcd:u2|sub[3]          ;
; 3:1                ; 4 bits    ; 8 LEs         ; 4 LEs                ; 4 LEs                  ; Yes        ; |CPU4|CPU:u0|registros[5][0] ;
; 7:1                ; 4 bits    ; 16 LEs        ; 0 LEs                ; 16 LEs                 ; Yes        ; |CPU4|CPU:u0|registros[4][0] ;
; 7:1                ; 4 bits    ; 16 LEs        ; 0 LEs                ; 16 LEs                 ; Yes        ; |CPU4|CPU:u0|numins[1]       ;
; 7:1                ; 3 bits    ; 12 LEs        ; 12 LEs               ; 0 LEs                  ; Yes        ; |CPU4|CPU:u0|estado[1]       ;
; 17:1               ; 2 bits    ; 22 LEs        ; 0 LEs                ; 22 LEs                 ; Yes        ; |CPU4|lcd:u2|palabra[7]      ;
; 10:1               ; 4 bits    ; 24 LEs        ; 8 LEs                ; 16 LEs                 ; Yes        ; |CPU4|CPU:u0|registros[3][0] ;
; 10:1               ; 4 bits    ; 24 LEs        ; 8 LEs                ; 16 LEs                 ; Yes        ; |CPU4|CPU:u0|registros[2][2] ;
; 10:1               ; 4 bits    ; 24 LEs        ; 8 LEs                ; 16 LEs                 ; Yes        ; |CPU4|CPU:u0|registros[1][2] ;
; 10:1               ; 4 bits    ; 24 LEs        ; 8 LEs                ; 16 LEs                 ; Yes        ; |CPU4|CPU:u0|registros[0][2] ;
; 30:1               ; 3 bits    ; 60 LEs        ; 36 LEs               ; 24 LEs                 ; Yes        ; |CPU4|lcd:u2|load1[4]        ;
; 26:1               ; 2 bits    ; 34 LEs        ; 12 LEs               ; 22 LEs                 ; Yes        ; |CPU4|lcd:u2|load2[4]        ;
; 30:1               ; 3 bits    ; 60 LEs        ; 36 LEs               ; 24 LEs                 ; Yes        ; |CPU4|lcd:u2|mov[4]          ;
; 58:1               ; 4 bits    ; 152 LEs       ; 112 LEs              ; 40 LEs                 ; Yes        ; |CPU4|lcd:u2|palabra[4]      ;
; 4:1                ; 4 bits    ; 8 LEs         ; 8 LEs                ; 0 LEs                  ; No         ; |CPU4|CPU:u0|Mux1            ;
; 4:1                ; 4 bits    ; 8 LEs         ; 8 LEs                ; 0 LEs                  ; No         ; |CPU4|CPU:u0|Mux8            ;
+--------------------+-----------+---------------+----------------------+------------------------+------------+------------------------------+


+--------------------------------------------------------------------------+
; Parameter Settings for Inferred Entity Instance: CPU:u0|lpm_add_sub:Add1 ;
+------------------------+-------------+-----------------------------------+
; Parameter Name         ; Value       ; Type                              ;
+------------------------+-------------+-----------------------------------+
; LPM_WIDTH              ; 4           ; Untyped                           ;
; LPM_REPRESENTATION     ; UNSIGNED    ; Untyped                           ;
; LPM_DIRECTION          ; DEFAULT     ; Untyped                           ;
; ONE_INPUT_IS_CONSTANT  ; NO          ; Untyped                           ;
; LPM_PIPELINE           ; 0           ; Untyped                           ;
; MAXIMIZE_SPEED         ; 5           ; Untyped                           ;
; REGISTERED_AT_END      ; 0           ; Untyped                           ;
; OPTIMIZE_FOR_SPEED     ; 5           ; Untyped                           ;
; USE_CS_BUFFERS         ; 1           ; Untyped                           ;
; CARRY_CHAIN            ; MANUAL      ; Untyped                           ;
; CARRY_CHAIN_LENGTH     ; 48          ; CARRY_CHAIN_LENGTH                ;
; DEVICE_FAMILY          ; Cyclone II  ; Untyped                           ;
; USE_WYS                ; OFF         ; Untyped                           ;
; STYLE                  ; FAST        ; Untyped                           ;
; CBXI_PARAMETER         ; add_sub_mpi ; Untyped                           ;
; AUTO_CARRY_CHAINS      ; ON          ; AUTO_CARRY                        ;
; IGNORE_CARRY_BUFFERS   ; OFF         ; IGNORE_CARRY                      ;
; AUTO_CASCADE_CHAINS    ; ON          ; AUTO_CASCADE                      ;
; IGNORE_CASCADE_BUFFERS ; OFF         ; IGNORE_CASCADE                    ;
+------------------------+-------------+-----------------------------------+
Note: In order to hide this table in the UI and the text report file, please set the "Show Parameter Settings in Synthesis Report" option in "Analysis and Synthesis Settings -> More Settings" to "Off".


+-------------------------------+
; Elapsed Time Per Partition    ;
+----------------+--------------+
; Partition Name ; Elapsed Time ;
+----------------+--------------+
; Top            ; 00:00:01     ;
+----------------+--------------+


+-------------------------------+
; Analysis & Synthesis Messages ;
+-------------------------------+
Info: *******************************************************************
Info: Running Quartus II 64-Bit Analysis & Synthesis
    Info: Version 13.0.1 Build 232 06/12/2013 Service Pack 1 SJ Web Edition
    Info: Processing started: Wed Dec 13 15:06:07 2017
Info: Command: quartus_map --read_settings_files=on --write_settings_files=off CPU4 -c CPU4
Info (20030): Parallel compilation is enabled and will use 4 of the 4 processors detected
Warning (12019): Can't analyze file -- file ../ROM.vhdl is missing
Info (12021): Found 2 design units, including 1 entities, in source file /proyecto final nava/cpu_proyectos_hectorfabianzacategalicia2153035791/cpu_4_inst_lcd/lcd.vhdl
    Info (12022): Found design unit 1: lcd-beh
    Info (12023): Found entity 1: lcd
Warning (12019): Can't analyze file -- file ../lac_bib.vhdl is missing
Info (12021): Found 2 design units, including 1 entities, in source file /proyecto final nava/cpu_proyectos_hectorfabianzacategalicia2153035791/cpu_4_inst_lcd/cpu4.vhdl
    Info (12022): Found design unit 1: CPU4-beh
    Info (12023): Found entity 1: CPU4
Info (12021): Found 2 design units, including 1 entities, in source file /proyecto final nava/cpu_proyectos_hectorfabianzacategalicia2153035791/cpu_4_inst_lcd/cpu.vhdl
    Info (12022): Found design unit 1: CPU-beh
    Info (12023): Found entity 1: CPU
Info (12021): Found 2 design units, including 1 entities, in source file /proyecto final nava/cpu_proyectos_hectorfabianzacategalicia2153035791/cpu_4_inst_lcd/operaciones.vhdl
    Info (12022): Found design unit 1: operaciones-beh
    Info (12023): Found entity 1: operaciones
Info (12021): Found 2 design units, including 0 entities, in source file /proyecto final nava/cpu_proyectos_hectorfabianzacategalicia2153035791/cpu_4_inst_lcd/ldl_bib.vhdl
    Info (12022): Found design unit 1: ldl_bib
    Info (12022): Found design unit 2: ldl_bib-body
Info (12127): Elaborating entity "CPU4" for the top level hierarchy
Info (12128): Elaborating entity "CPU" for hierarchy "CPU:u0"
Warning (10027): Verilog HDL or VHDL warning at the CPU.vhdl(56): index expression is not wide enough to address all of the elements in the array
Warning (10027): Verilog HDL or VHDL warning at the CPU.vhdl(64): index expression is not wide enough to address all of the elements in the array
Warning (10027): Verilog HDL or VHDL warning at the CPU.vhdl(80): index expression is not wide enough to address all of the elements in the array
Info (12128): Elaborating entity "operaciones" for hierarchy "operaciones:u1"
Warning (10492): VHDL Process Statement warning at operaciones.vhdl(24): signal "ins" is read inside the Process Statement but isn't in the Process Statement's sensitivity list
Info (12128): Elaborating entity "lcd" for hierarchy "lcd:u2"
Warning (13046): Tri-state node(s) do not directly drive top-level pin(s)
    Warning (13049): Converted tri-state buffer "operaciones:u1|sal[0]" feeding internal logic into a wire
    Warning (13049): Converted tri-state buffer "operaciones:u1|sal[1]" feeding internal logic into a wire
    Warning (13049): Converted tri-state buffer "operaciones:u1|sal[2]" feeding internal logic into a wire
    Warning (13049): Converted tri-state buffer "operaciones:u1|sal[3]" feeding internal logic into a wire
    Warning (13049): Converted tri-state buffer "operaciones:u1|sal[4]" feeding internal logic into a wire
    Warning (13049): Converted tri-state buffer "operaciones:u1|sal[5]" feeding internal logic into a wire
    Warning (13049): Converted tri-state buffer "operaciones:u1|sal[6]" feeding internal logic into a wire
    Warning (13049): Converted tri-state buffer "operaciones:u1|sal[7]" feeding internal logic into a wire
Info (278001): Inferred 1 megafunctions from design logic
    Info (278002): Inferred adder/subtractor megafunction ("lpm_add_sub") from the following logic: "CPU:u0|Add1"
Info (12130): Elaborated megafunction instantiation "CPU:u0|lpm_add_sub:Add1"
Info (12133): Instantiated megafunction "CPU:u0|lpm_add_sub:Add1" with the following parameter:
    Info (12134): Parameter "LPM_WIDTH" = "4"
    Info (12134): Parameter "LPM_DIRECTION" = "DEFAULT"
    Info (12134): Parameter "LPM_REPRESENTATION" = "UNSIGNED"
    Info (12134): Parameter "ONE_INPUT_IS_CONSTANT" = "NO"
Info (12021): Found 1 design units, including 1 entities, in source file db/add_sub_mpi.tdf
    Info (12023): Found entity 1: add_sub_mpi
Warning (13024): Output pins are stuck at VCC or GND
    Warning (13410): Pin "palabra[7]" is stuck at GND
    Warning (13410): Pin "palabra[8]" is stuck at GND
    Warning (13410): Pin "palabra[11]" is stuck at VCC
    Warning (13410): Pin "palabra[12]" is stuck at VCC
Info (17049): 1 registers lost all their fanouts during netlist optimizations.
Info (16010): Generating hard_block partition "hard_block:auto_generated_inst"
    Info (16011): Adding 0 node(s), including 0 DDIO, 0 PLL, 0 transceiver and 0 LCELL
Warning (21074): Design contains 1 input pin(s) that do not drive logic
    Warning (15610): No output dependent on input pin "clk"
Info (21057): Implemented 384 device resources after synthesis - the final resource count might be different
    Info (21058): Implemented 2 input pins
    Info (21059): Implemented 41 output pins
    Info (21061): Implemented 341 logic cells
Info: Quartus II 64-Bit Analysis & Synthesis was successful. 0 errors, 22 warnings
    Info: Peak virtual memory: 556 megabytes
    Info: Processing ended: Wed Dec 13 15:06:18 2017
    Info: Elapsed time: 00:00:11
    Info: Total CPU time (on all processors): 00:00:03


